<?xml version="1.0" encoding="UTF-8" ?>
<testsuite tests="13" failures="0" name="com.sg.capstone.service.BlogPostServiceTest" time="2.796" errors="0" skipped="0">
  <properties>
    <property name="java.runtime.name" value="Java(TM) SE Runtime Environment"/>
    <property name="sun.boot.library.path" value="/home/chandler/jdk1.8.0_111/jre/lib/amd64"/>
    <property name="java.vm.version" value="25.111-b14"/>
    <property name="java.vm.vendor" value="Oracle Corporation"/>
    <property name="maven.multiModuleProjectDirectory" value="/home/chandler/repos/bitbucket/capstone-burke-mike-chandler/CapStone"/>
    <property name="java.vendor.url" value="http://java.oracle.com/"/>
    <property name="path.separator" value=":"/>
    <property name="guice.disable.misplaced.annotation.check" value="true"/>
    <property name="java.vm.name" value="Java HotSpot(TM) 64-Bit Server VM"/>
    <property name="file.encoding.pkg" value="sun.io"/>
    <property name="user.country" value="US"/>
    <property name="sun.java.launcher" value="SUN_STANDARD"/>
    <property name="sun.os.patch.level" value="unknown"/>
    <property name="java.vm.specification.name" value="Java Virtual Machine Specification"/>
    <property name="user.dir" value="/home/chandler/repos/bitbucket/capstone-burke-mike-chandler/CapStone"/>
    <property name="java.runtime.version" value="1.8.0_111-b14"/>
    <property name="java.awt.graphicsenv" value="sun.awt.X11GraphicsEnvironment"/>
    <property name="java.endorsed.dirs" value="/home/chandler/jdk1.8.0_111/jre/lib/endorsed"/>
    <property name="os.arch" value="amd64"/>
    <property name="java.io.tmpdir" value="/tmp"/>
    <property name="line.separator" value="
"/>
    <property name="java.vm.specification.vendor" value="Oracle Corporation"/>
    <property name="os.name" value="Linux"/>
    <property name="maven.ext.class.path" value="/home/chandler/netbeans-8.2/java/maven-nblib/netbeans-eventspy.jar"/>
    <property name="classworlds.conf" value="/usr/local/apache-maven-3.5.0/bin/m2.conf"/>
    <property name="sun.jnu.encoding" value="UTF-8"/>
    <property name="java.library.path" value="/home/chandler/jdk1.8.0_111/jre/lib/amd64:/home/chandler/jdk1.8.0_111/jre/lib/i386::/usr/java/packages/lib/amd64:/usr/lib64:/lib64:/lib:/usr/lib"/>
    <property name="maven.conf" value="/usr/local/apache-maven-3.5.0/conf"/>
    <property name="java.specification.name" value="Java Platform API Specification"/>
    <property name="java.class.version" value="52.0"/>
    <property name="sun.management.compiler" value="HotSpot 64-Bit Tiered Compilers"/>
    <property name="os.version" value="4.4.0-87-generic"/>
    <property name="library.jansi.path" value="/usr/local/apache-maven-3.5.0/lib/jansi-native/linux64"/>
    <property name="user.home" value="/home/chandler"/>
    <property name="user.timezone" value="America/New_York"/>
    <property name="java.awt.printerjob" value="sun.print.PSPrinterJob"/>
    <property name="java.specification.version" value="1.8"/>
    <property name="file.encoding" value="UTF-8"/>
    <property name="user.name" value="chandler"/>
    <property name="java.class.path" value="/usr/local/apache-maven-3.5.0/boot/plexus-classworlds-2.5.2.jar"/>
    <property name="java.vm.specification.version" value="1.8"/>
    <property name="sun.arch.data.model" value="64"/>
    <property name="java.home" value="/home/chandler/jdk1.8.0_111/jre"/>
    <property name="sun.java.command" value="org.codehaus.plexus.classworlds.launcher.Launcher -Dmaven.ext.class.path=/home/chandler/netbeans-8.2/java/maven-nblib/netbeans-eventspy.jar clean install"/>
    <property name="java.specification.vendor" value="Oracle Corporation"/>
    <property name="user.language" value="en"/>
    <property name="awt.toolkit" value="sun.awt.X11.XToolkit"/>
    <property name="java.vm.info" value="mixed mode"/>
    <property name="java.version" value="1.8.0_111"/>
    <property name="java.ext.dirs" value="/home/chandler/jdk1.8.0_111/jre/lib/ext:/usr/java/packages/lib/ext"/>
    <property name="securerandom.source" value="file:/dev/./urandom"/>
    <property name="sun.boot.class.path" value="/home/chandler/jdk1.8.0_111/jre/lib/resources.jar:/home/chandler/jdk1.8.0_111/jre/lib/rt.jar:/home/chandler/jdk1.8.0_111/jre/lib/sunrsasign.jar:/home/chandler/jdk1.8.0_111/jre/lib/jsse.jar:/home/chandler/jdk1.8.0_111/jre/lib/jce.jar:/home/chandler/jdk1.8.0_111/jre/lib/charsets.jar:/home/chandler/jdk1.8.0_111/jre/lib/jfr.jar:/home/chandler/jdk1.8.0_111/jre/classes"/>
    <property name="java.vendor" value="Oracle Corporation"/>
    <property name="maven.home" value="/usr/local/apache-maven-3.5.0"/>
    <property name="file.separator" value="/"/>
    <property name="java.vendor.url.bug" value="http://bugreport.sun.com/bugreport/"/>
    <property name="sun.cpu.endian" value="little"/>
    <property name="sun.io.unicode.encoding" value="UnicodeLittle"/>
    <property name="sun.desktop" value="gnome"/>
    <property name="sun.cpu.isalist" value=""/>
  </properties>
  <testcase classname="com.sg.capstone.service.BlogPostServiceTest" name="testAddGetDeleteBlogPost" time="0.177"/>
  <testcase classname="com.sg.capstone.service.BlogPostServiceTest" name="testUpdateBlogPost" time="0.224"/>
  <testcase classname="com.sg.capstone.service.BlogPostServiceTest" name="testGetAllBlogPosts" time="0.177"/>
  <testcase classname="com.sg.capstone.service.BlogPostServiceTest" name="testGetAllActiveBlogPosts" time="0.148"/>
  <testcase classname="com.sg.capstone.service.BlogPostServiceTest" name="testGetAllBlogPostsByDate" time="0.168"/>
  <testcase classname="com.sg.capstone.service.BlogPostServiceTest" name="testGetBlogPostByBlogPostCategoryBridgeID" time="0.279"/>
  <testcase classname="com.sg.capstone.service.BlogPostServiceTest" name="testGetAllBlogPostsByTagID" time="0.3"/>
  <testcase classname="com.sg.capstone.service.BlogPostServiceTest" name="testGetAllBlogPostsByCategoryID" time="0.25"/>
  <testcase classname="com.sg.capstone.service.BlogPostServiceTest" name="testSetIsActiveToInActive" time="0.221"/>
  <testcase classname="com.sg.capstone.service.BlogPostServiceTest" name="testGetAllBlogPostByActive" time="0.189"/>
  <testcase classname="com.sg.capstone.service.BlogPostServiceTest" name="testGetAllBlogPostsByUserID" time="0.244"/>
  <testcase classname="com.sg.capstone.service.BlogPostServiceTest" name="testGetAllActiveUnexpiredBlogPosts" time="0.244"/>
  <testcase classname="com.sg.capstone.service.BlogPostServiceTest" name="testSetIsActiveToActive" time="0.175"/>
</testsuite>